[00:00:01] [User Authenticator #7/INFO]: UUID of player Proonfrootz is d0a66585-bba9-414b-aaf8-e60ebba1a1ee
[00:00:01] [Server thread/INFO]: Proonfrootz[/203.170.179.22:57804] logged in with entity id 8354 at (320.75573267375233, 83.0, 218.5421334799428)
[00:00:01] [Server thread/INFO]: Proonfrootz joined the game
[00:00:12] [Server thread/INFO]: [Proonfrootz: Set the time to 1000]
[00:01:00] [Server thread/WARN]: Mismatch in destroy block pos: fk{x=0, y=0, z=0} fk{x=90, y=66, z=247}
[00:01:03] [Server thread/WARN]: Mismatch in destroy block pos: fk{x=0, y=0, z=0} fk{x=90, y=66, z=247}
[00:02:14] [Server thread/INFO]: [Proonfrootz: Teleported Proonfrootz to Trundem]
[00:02:14] [Server thread/WARN]: Proonfrootz moved too quickly! -230.4557326618314,-16.0,28.852105558902565
[00:02:18] [Server thread/WARN]: Mismatch in destroy block pos: fk{x=0, y=0, z=0} fk{x=93, y=68, z=250}
[00:02:33] [Server thread/WARN]: Mismatch in destroy block pos: fk{x=0, y=0, z=0} fk{x=89, y=67, z=249}
[00:02:41] [Server thread/WARN]: Mismatch in destroy block pos: fk{x=0, y=0, z=0} fk{x=89, y=67, z=249}
[00:03:56] [Server thread/INFO]: Trundem was blown up by Creeper
[00:04:13] [Server thread/INFO]: Trundem lost connection: Disconnected
[00:04:13] [Server thread/INFO]: Trundem left the game
[00:04:16] [Server thread/INFO]: Proonfrootz lost connection: Disconnected
[00:04:16] [Server thread/INFO]: Proonfrootz left the game
[00:05:18] [User Authenticator #8/INFO]: UUID of player Fredde693 is 82607829-bc92-435f-ae5c-bb3a8094c34b
[00:05:19] [Server thread/INFO]: Fredde693[/1.2.195.220:1228] logged in with entity id 9269 at (319.27340183592764, 82.0, 234.30319744266149)
[00:05:19] [Server thread/INFO]: Fredde693 joined the game
[00:05:39] [Server thread/WARN]: Can't keep up! Is the server overloaded? Running 2163ms or 43 ticks behind
[00:07:34] [User Authenticator #9/INFO]: UUID of player Proonfrootz is d0a66585-bba9-414b-aaf8-e60ebba1a1ee
[00:07:34] [Server thread/INFO]: Proonfrootz[/203.170.179.22:57886] logged in with entity id 9536 at (315.5020140887593, 82.0, 225.17873566012747)
[00:07:34] [Server thread/INFO]: Proonfrootz joined the game
[00:07:47] [User Authenticator #10/INFO]: UUID of player Trundem is 65af1fb3-a95b-4fdb-ad60-da916540128a
[00:07:47] [Server thread/INFO]: Trundem[/49.48.224.94:61861] logged in with entity id 9570 at (90.56617557113803, 67.0, 246.3800835412554)
[00:07:47] [Server thread/INFO]: Trundem joined the game
[00:08:08] [Server thread/INFO]: [Proonfrootz: Teleported Trundem to Proonfrootz]
[00:08:58] [Server thread/INFO]: Trundem lost connection: Disconnected
[00:08:58] [Server thread/INFO]: Trundem left the game
[00:14:26] [Server thread/INFO]: Proonfrootz was slain by Zombie
[00:14:36] [Server thread/INFO]: [Proonfrootz: Teleported Proonfrootz to Proonfrootz]
[00:14:49] [Server thread/INFO]: Fredde693 has made the advancement [Monster Hunter]
[00:14:50] [Server thread/INFO]: [Proonfrootz: Teleported Proonfrootz to Fredde693]
[00:14:50] [Server thread/WARN]: Proonfrootz moved too quickly! 216.78333106357172,7.0,-8.19553688024152
[00:14:54] [Server thread/INFO]: Fredde693 was slain by Zombie
[00:15:05] [Server thread/INFO]: [Proonfrootz: Set the time to 1000]
[00:15:10] [Server thread/INFO]: Proonfrootz was shot by Skeleton
[00:17:57] [Server thread/INFO]: [Proonfrootz: Set the time to 1000]
[00:18:05] [Server thread/INFO]: [Proonfrootz: Set the time to 1000]
[00:18:20] [Server thread/INFO]: [Proonfrootz: Set the weather to clear]
[00:20:41] [Server thread/WARN]: Can't keep up! Is the server overloaded? Running 2055ms or 41 ticks behind
[00:21:13] [Server thread/INFO]: [Proonfrootz: Set the time to 1000]
[00:26:28] [Server thread/INFO]: [Proonfrootz: Set the time to 1000]
[00:26:30] [Server thread/INFO]: [Proonfrootz: Set the weather to clear]
[00:28:53] [User Authenticator #11/INFO]: UUID of player Trundem is 65af1fb3-a95b-4fdb-ad60-da916540128a
[00:28:53] [Server thread/INFO]: Trundem[/49.48.224.94:62182] logged in with entity id 12822 at (315.5020140887593, 82.0, 224.6643071117351)
[00:28:53] [Server thread/INFO]: Trundem joined the game
[00:31:33] [Server thread/INFO]: [Proonfrootz: Set the weather to clear]
[00:31:40] [Server thread/INFO]: [Proonfrootz: Set the time to 1000]
[00:35:43] [Server thread/WARN]: Can't keep up! Is the server overloaded? Running 2098ms or 41 ticks behind
[00:36:47] [Server thread/INFO]: [Proonfrootz: Set the weather to clear]
[00:40:45] [Server thread/WARN]: Fredde693 moved too quickly! -3.356794953213921,-0.41999998688697815,-9.498242680285443
[00:44:21] [Server thread/INFO]: Proonfrootz has made the advancement [Sweet Dreams]
[00:46:23] [Server thread/INFO]: Trundem has made the advancement [Sweet Dreams]
[00:47:12] [Server thread/INFO]: Trundem has made the advancement [Getting an Upgrade]
[00:47:23] [Server thread/INFO]: Trundem has made the advancement [Stone Age]
[00:49:23] [Server thread/INFO]: Fredde693 has made the advancement [Sweet Dreams]
[00:50:09] [Server thread/INFO]: Fredde693 was blown up by Creeper
[00:51:13] [Server thread/INFO]: [Proonfrootz: Set the weather to clear]
[00:55:45] [Server thread/WARN]: Can't keep up! Is the server overloaded? Running 2306ms or 46 ticks behind
[00:56:20] [Server thread/INFO]: [Proonfrootz: Set the weather to clear]
[00:58:43] [Server thread/INFO]: [Proonfrootz: Set the time to 1000]
[01:01:23] [Server thread/INFO]: [Proonfrootz: Set the weather to clear]
[01:05:48] [Server thread/WARN]: Can't keep up! Is the server overloaded? Running 2386ms or 47 ticks behind
[01:10:50] [Server thread/WARN]: Can't keep up! Is the server overloaded? Running 2030ms or 40 ticks behind
[01:11:14] [Server thread/INFO]: Proonfrootz was shot by Skeleton
[01:15:26] [Server thread/INFO]: Proonfrootz has made the advancement [Acquire Hardware]
[01:15:49] [Server thread/INFO]: Proonfrootz has made the advancement [Isn't It Iron Pick]
[01:16:40] [Server thread/INFO]: Proonfrootz has made the advancement [Suit Up]
[01:23:09] [Server thread/INFO]: Proonfrootz has made the advancement [Diamonds!]
[01:30:52] [Server thread/WARN]: Can't keep up! Is the server overloaded? Running 2435ms or 48 ticks behind
[01:40:56] [Server thread/INFO]: Fredde693 has made the advancement [Acquire Hardware]
[01:41:35] [Server thread/INFO]: Trundem lost connection: Disconnected
[01:41:35] [Server thread/INFO]: Trundem left the game
[01:44:49] [Server thread/INFO]: Fredde693 lost connection: Disconnected
[01:44:49] [Server thread/INFO]: Fredde693 left the game
[01:45:52] [Server thread/INFO]: [Proonfrootz: Set the time to 1000]
[01:48:10] [Server thread/INFO]: Proonfrootz lost connection: Disconnected
[01:48:10] [Server thread/INFO]: Proonfrootz left the game
[01:48:24] [Server thread/INFO]: Stopping the server
[01:48:24] [Server thread/INFO]: Stopping server
[01:48:24] [Server thread/INFO]: Saving players
[01:48:24] [Server thread/INFO]: Saving worlds
[01:48:24] [Server thread/INFO]: Saving chunks for level 'world'/minecraft:the_nether
[01:48:24] [Server thread/INFO]: ThreadedAnvilChunkStorage (DIM-1): All chunks are saved
[01:48:24] [Server thread/INFO]: Saving chunks for level 'world'/minecraft:the_end
[01:48:24] [Server thread/INFO]: ThreadedAnvilChunkStorage (DIM1): All chunks are saved
[01:48:24] [Server thread/INFO]: Saving chunks for level 'world'/minecraft:overworld
[01:48:25] [Server thread/INFO]: ThreadedAnvilChunkStorage (world): All chunks are saved
[01:48:25] [Server thread/INFO]: ThreadedAnvilChunkStorage (DIM-1): All chunks are saved
[01:48:25] [Server thread/INFO]: ThreadedAnvilChunkStorage (DIM1): All chunks are saved
[01:48:25] [Server thread/INFO]: ThreadedAnvilChunkStorage (world): All chunks are saved
